Release 14.7 - xst P.20131013 (nt64)
Copyright (c) 1995-2013 Xilinx, Inc.  All rights reserved.
--> Parameter TMPDIR set to xst/projnav.tmp


Total REAL time to Xst completion: 0.00 secs
Total CPU time to Xst completion: 0.07 secs
 
--> Parameter xsthdpdir set to xst


Total REAL time to Xst completion: 0.00 secs
Total CPU time to Xst completion: 0.07 secs
 
--> Reading design: Disp4D_Demo.prj

TABLE OF CONTENTS
  1) Synthesis Options Summary
  2) HDL Compilation
  3) Design Hierarchy Analysis
  4) HDL Analysis
  5) HDL Synthesis
     5.1) HDL Synthesis Report
  6) Advanced HDL Synthesis
     6.1) Advanced HDL Synthesis Report
  7) Low Level Synthesis
  8) Partition Report
  9) Final Report
	9.1) Device utilization summary
	9.2) Partition Resource Summary
	9.3) TIMING REPORT


=========================================================================
*                      Synthesis Options Summary                        *
=========================================================================
---- Source Parameters
Input File Name                    : "Disp4D_Demo.prj"
Input Format                       : mixed
Ignore Synthesis Constraint File   : NO

---- Target Parameters
Output File Name                   : "Disp4D_Demo"
Output Format                      : NGC
Target Device                      : xc3s100e-5-cp132

---- Source Options
Top Module Name                    : Disp4D_Demo
Automatic FSM Extraction           : YES
FSM Encoding Algorithm             : Auto
Safe Implementation                : No
FSM Style                          : LUT
RAM Extraction                     : Yes
RAM Style                          : Auto
ROM Extraction                     : Yes
Mux Style                          : Auto
Decoder Extraction                 : YES
Priority Encoder Extraction        : Yes
Shift Register Extraction          : YES
Logical Shifter Extraction         : YES
XOR Collapsing                     : YES
ROM Style                          : Auto
Mux Extraction                     : Yes
Resource Sharing                   : YES
Asynchronous To Synchronous        : NO
Multiplier Style                   : Auto
Automatic Register Balancing       : No

---- Target Options
Add IO Buffers                     : YES
Global Maximum Fanout              : 500
Add Generic Clock Buffer(BUFG)     : 24
Register Duplication               : YES
Slice Packing                      : YES
Optimize Instantiated Primitives   : NO
Use Clock Enable                   : Yes
Use Synchronous Set                : Yes
Use Synchronous Reset              : Yes
Pack IO Registers into IOBs        : Auto
Equivalent register Removal        : YES

---- General Options
Optimization Goal                  : Speed
Optimization Effort                : 1
Keep Hierarchy                     : No
Netlist Hierarchy                  : As_Optimized
RTL Output                         : Yes
Global Optimization                : AllClockNets
Read Cores                         : YES
Write Timing Constraints           : NO
Cross Clock Analysis               : NO
Hierarchy Separator                : /
Bus Delimiter                      : <>
Case Specifier                     : Maintain
Slice Utilization Ratio            : 100
BRAM Utilization Ratio             : 100
Verilog 2001                       : YES
Auto BRAM Packing                  : NO
Slice Utilization Ratio Delta      : 5

=========================================================================


=========================================================================
*                          HDL Compilation                              *
=========================================================================
Compiling vhdl file "D:/Utilisateurs/DITN/Projets/Alarme/ise147/Disp4x7SegRefComp.vhd" in Library work.
Architecture behavioral of Entity disp4x7segrefcomp is up to date.
Compiling vhdl file "D:/Utilisateurs/DITN/Projets/Alarme/ise147/DeDouble4B.vhd" in Library work.
Architecture behavioral of Entity dedouble4b is up to date.
Compiling vhdl file "D:/Utilisateurs/DITN/Projets/Alarme/ise147/Disp4D_Demo.vhf" in Library work.
Architecture behavioral of Entity disp4d_demo is up to date.

=========================================================================
*                     Design Hierarchy Analysis                         *
=========================================================================
Analyzing hierarchy for entity <Disp4D_Demo> in library <work> (architecture <behavioral>).

Analyzing hierarchy for entity <Disp4x7SegRefComp> in library <work> (architecture <behavioral>).

Analyzing hierarchy for entity <DeDouble4B> in library <work> (architecture <behavioral>).


=========================================================================
*                            HDL Analysis                               *
=========================================================================
Analyzing Entity <Disp4D_Demo> in library <work> (Architecture <behavioral>).
Entity <Disp4D_Demo> analyzed. Unit <Disp4D_Demo> generated.

Analyzing Entity <Disp4x7SegRefComp> in library <work> (Architecture <behavioral>).
Entity <Disp4x7SegRefComp> analyzed. Unit <Disp4x7SegRefComp> generated.

Analyzing Entity <DeDouble4B> in library <work> (Architecture <behavioral>).
Entity <DeDouble4B> analyzed. Unit <DeDouble4B> generated.


=========================================================================
*                           HDL Synthesis                               *
=========================================================================

Performing bidirectional port resolution...

Synthesizing Unit <Disp4x7SegRefComp>.
    Related source file is "D:/Utilisateurs/DITN/Projets/Alarme/ise147/Disp4x7SegRefComp.vhd".
    Found 16x7-bit ROM for signal <Cathodes$rom0000> created at line 87.
    Found 1-of-4 decoder for signal <Anodes>.
    Found 4-bit 4-to-1 multiplexer for signal <Adressage>.
    Found 20-bit up counter for signal <Comptage>.
    Summary:
	inferred   1 ROM(s).
	inferred   1 Counter(s).
	inferred   4 Multiplexer(s).
	inferred   1 Decoder(s).
Unit <Disp4x7SegRefComp> synthesized.


Synthesizing Unit <DeDouble4B>.
    Related source file is "D:/Utilisateurs/DITN/Projets/Alarme/ise147/DeDouble4B.vhd".
Unit <DeDouble4B> synthesized.


Synthesizing Unit <Disp4D_Demo>.
    Related source file is "D:/Utilisateurs/DITN/Projets/Alarme/ise147/Disp4D_Demo.vhf".
Unit <Disp4D_Demo> synthesized.


=========================================================================
HDL Synthesis Report

Macro Statistics
# ROMs                                                 : 1
 16x7-bit ROM                                          : 1
# Counters                                             : 1
 20-bit up counter                                     : 1
# Multiplexers                                         : 1
 4-bit 4-to-1 multiplexer                              : 1
# Decoders                                             : 1
 1-of-4 decoder                                        : 1

=========================================================================

=========================================================================
*                       Advanced HDL Synthesis                          *
=========================================================================


=========================================================================
Advanced HDL Synthesis Report

Macro Statistics
# ROMs                                                 : 1
 16x7-bit ROM                                          : 1
# Counters                                             : 1
 20-bit up counter                                     : 1
# Multiplexers                                         : 1
 4-bit 4-to-1 multiplexer                              : 1
# Decoders                                             : 1
 1-of-4 decoder                                        : 1

=========================================================================

=========================================================================
*                         Low Level Synthesis                           *
=========================================================================
WARNING:Xst:2677 - Node <XLXI_1/Comptage_19> of sequential type is unconnected in block <Disp4D_Demo>.

Optimizing unit <Disp4D_Demo> ...

Mapping all equations...
Building and optimizing final netlist ...
Found area constraint ratio of 100 (+ 5) on block Disp4D_Demo, actual ratio is 1.

Final Macro Processing ...

=========================================================================
Final Register Report

Macro Statistics
# Registers                                            : 19
 Flip-Flops                                            : 19

=========================================================================

=========================================================================
*                           Partition Report                            *
=========================================================================

Partition Implementation Status
-------------------------------

  No Partitions were found in this design.

-------------------------------

=========================================================================
*                            Final Report                               *
=========================================================================
Final Results
RTL Top Level Output File Name     : Disp4D_Demo.ngr
Top Level Output File Name         : Disp4D_Demo
Output Format                      : NGC
Optimization Goal                  : Speed
Keep Hierarchy                     : No

Design Statistics
# IOs                              : 20

Cell Usage :
# BELS                             : 73
#      GND                         : 1
#      INV                         : 1
#      LUT1                        : 18
#      LUT2                        : 4
#      LUT3                        : 4
#      LUT4                        : 7
#      MUXCY                       : 18
#      VCC                         : 1
#      XORCY                       : 19
# FlipFlops/Latches                : 19
#      FD                          : 19
# Clock Buffers                    : 1
#      BUFGP                       : 1
# IO Buffers                       : 19
#      IBUF                        : 8
#      OBUF                        : 11
=========================================================================

Device utilization summary:
---------------------------

Selected Device : 3s100ecp132-5 

 Number of Slices:                       18  out of    960     1%  
 Number of Slice Flip Flops:             19  out of   1920     0%  
 Number of 4 input LUTs:                 34  out of   1920     1%  
 Number of IOs:                          20
 Number of bonded IOBs:                  20  out of     83    24%  
 Number of GCLKs:                         1  out of     24     4%  

---------------------------
Partition Resource Summary:
---------------------------

  No Partitions were found in this design.

---------------------------


=========================================================================
TIMING REPORT

NOTE: THESE TIMING NUMBERS ARE ONLY A SYNTHESIS ESTIMATE.
      FOR ACCURATE TIMING INFORMATION PLEASE REFER TO THE TRACE REPORT
      GENERATED AFTER PLACE-and-ROUTE.

Clock Information:
------------------
-----------------------------------+------------------------+-------+
Clock Signal                       | Clock buffer(FF name)  | Load  |
-----------------------------------+------------------------+-------+
Horloge                            | BUFGP                  | 19    |
-----------------------------------+------------------------+-------+

Asynchronous Control Signals Information:
----------------------------------------
No asynchronous control signals found in this design

Timing Summary:
---------------
Speed Grade: -5

   Minimum period: 3.830ns (Maximum Frequency: 261.097MHz)
   Minimum input arrival time before clock: No path found
   Maximum output required time after clock: 6.867ns
   Maximum combinational path delay: 7.036ns

Timing Detail:
--------------
All values displayed in nanoseconds (ns)

=========================================================================
Timing constraint: Default period analysis for Clock 'Horloge'
  Clock period: 3.830ns (frequency: 261.097MHz)
  Total number of paths / destination ports: 190 / 19
-------------------------------------------------------------------------
Delay:               3.830ns (Levels of Logic = 19)
  Source:            XLXI_1/Comptage_1 (FF)
  Destination:       XLXI_1/Comptage_18 (FF)
  Source Clock:      Horloge rising
  Destination Clock: Horloge rising

  Data Path: XLXI_1/Comptage_1 to XLXI_1/Comptage_18
                                Gate     Net
    Cell:in->out      fanout   Delay   Delay  Logical Name (Net Name)
    ----------------------------------------  ------------
     FD:C->Q               1   0.514   0.509  XLXI_1/Comptage_1 (XLXI_1/Comptage_1)
     LUT1:I0->O            1   0.612   0.000  XLXI_1/Mcount_Comptage_cy<1>_rt (XLXI_1/Mcount_Comptage_cy<1>_rt)
     MUXCY:S->O            1   0.404   0.000  XLXI_1/Mcount_Comptage_cy<1> (XLXI_1/Mcount_Comptage_cy<1>)
     MUXCY:CI->O           1   0.051   0.000  XLXI_1/Mcount_Comptage_cy<2> (XLXI_1/Mcount_Comptage_cy<2>)
     MUXCY:CI->O           1   0.051   0.000  XLXI_1/Mcount_Comptage_cy<3> (XLXI_1/Mcount_Comptage_cy<3>)
     MUXCY:CI->O           1   0.051   0.000  XLXI_1/Mcount_Comptage_cy<4> (XLXI_1/Mcount_Comptage_cy<4>)
     MUXCY:CI->O           1   0.051   0.000  XLXI_1/Mcount_Comptage_cy<5> (XLXI_1/Mcount_Comptage_cy<5>)
     MUXCY:CI->O           1   0.051   0.000  XLXI_1/Mcount_Comptage_cy<6> (XLXI_1/Mcount_Comptage_cy<6>)
     MUXCY:CI->O           1   0.051   0.000  XLXI_1/Mcount_Comptage_cy<7> (XLXI_1/Mcount_Comptage_cy<7>)
     MUXCY:CI->O           1   0.051   0.000  XLXI_1/Mcount_Comptage_cy<8> (XLXI_1/Mcount_Comptage_cy<8>)
     MUXCY:CI->O           1   0.051   0.000  XLXI_1/Mcount_Comptage_cy<9> (XLXI_1/Mcount_Comptage_cy<9>)
     MUXCY:CI->O           1   0.051   0.000  XLXI_1/Mcount_Comptage_cy<10> (XLXI_1/Mcount_Comptage_cy<10>)
     MUXCY:CI->O           1   0.051   0.000  XLXI_1/Mcount_Comptage_cy<11> (XLXI_1/Mcount_Comptage_cy<11>)
     MUXCY:CI->O           1   0.051   0.000  XLXI_1/Mcount_Comptage_cy<12> (XLXI_1/Mcount_Comptage_cy<12>)
     MUXCY:CI->O           1   0.051   0.000  XLXI_1/Mcount_Comptage_cy<13> (XLXI_1/Mcount_Comptage_cy<13>)
     MUXCY:CI->O           1   0.051   0.000  XLXI_1/Mcount_Comptage_cy<14> (XLXI_1/Mcount_Comptage_cy<14>)
     MUXCY:CI->O           1   0.051   0.000  XLXI_1/Mcount_Comptage_cy<15> (XLXI_1/Mcount_Comptage_cy<15>)
     MUXCY:CI->O           1   0.051   0.000  XLXI_1/Mcount_Comptage_cy<16> (XLXI_1/Mcount_Comptage_cy<16>)
     MUXCY:CI->O           0   0.051   0.000  XLXI_1/Mcount_Comptage_cy<17> (XLXI_1/Mcount_Comptage_cy<17>)
     XORCY:CI->O           1   0.699   0.000  XLXI_1/Mcount_Comptage_xor<18> (Result<18>)
     FD:D                      0.268          XLXI_1/Comptage_18
    ----------------------------------------
    Total                      3.830ns (3.321ns logic, 0.509ns route)
                                       (86.7% logic, 13.3% route)

=========================================================================
Timing constraint: Default OFFSET OUT AFTER for Clock 'Horloge'
  Total number of paths / destination ports: 36 / 11
-------------------------------------------------------------------------
Offset:              6.867ns (Levels of Logic = 3)
  Source:            XLXI_1/Comptage_17 (FF)
  Destination:       Cathodes<6> (PAD)
  Source Clock:      Horloge rising

  Data Path: XLXI_1/Comptage_17 to Cathodes<6>
                                Gate     Net
    Cell:in->out      fanout   Delay   Delay  Logical Name (Net Name)
    ----------------------------------------  ------------
     FD:C->Q               9   0.514   0.849  XLXI_1/Comptage_17 (XLXI_1/Comptage_17)
     LUT3:I0->O            7   0.612   0.754  XLXI_1/Mmux_Adressage31 (XLXI_1/Adressage<2>)
     LUT4:I0->O            1   0.612   0.357  XLXI_1/Mrom_Cathodes_rom000041 (Cathodes_4_OBUF)
     OBUF:I->O                 3.169          Cathodes_4_OBUF (Cathodes<4>)
    ----------------------------------------
    Total                      6.867ns (4.907ns logic, 1.960ns route)
                                       (71.5% logic, 28.5% route)

=========================================================================
Timing constraint: Default path analysis
  Total number of paths / destination ports: 56 / 7
-------------------------------------------------------------------------
Delay:               7.036ns (Levels of Logic = 4)
  Source:            DataOne<0> (PAD)
  Destination:       Cathodes<6> (PAD)

  Data Path: DataOne<0> to Cathodes<6>
                                Gate     Net
    Cell:in->out      fanout   Delay   Delay  Logical Name (Net Name)
    ----------------------------------------  ------------
     IBUF:I->O             1   1.106   0.426  DataOne_0_IBUF (DataOne_0_IBUF)
     LUT3:I1->O            7   0.612   0.754  XLXI_1/Mmux_Adressage11 (XLXI_1/Adressage<0>)
     LUT4:I0->O            1   0.612   0.357  XLXI_1/Mrom_Cathodes_rom000021 (Cathodes_2_OBUF)
     OBUF:I->O                 3.169          Cathodes_2_OBUF (Cathodes<2>)
    ----------------------------------------
    Total                      7.036ns (5.499ns logic, 1.537ns route)
                                       (78.2% logic, 21.8% route)

=========================================================================


Total REAL time to Xst completion: 3.00 secs
Total CPU time to Xst completion: 3.42 secs
 
--> 

Total memory usage is 4522632 kilobytes

Number of errors   :    0 (   0 filtered)
Number of warnings :    1 (   0 filtered)
Number of infos    :    0 (   0 filtered)

